This file contains any messages produced by compilers while
running configure, to aid debugging if configure makes a mistake.

It was created by hyperestraier configure 1.4.13, which was
generated by GNU Autoconf 2.65.  Invocation command line was

  $ ./configure 

## --------- ##
## Platform. ##
## --------- ##

hostname = takuro-no-air
uname -m = x86_64
uname -r = 13.4.0
uname -s = Darwin
uname -v = Darwin Kernel Version 13.4.0: Sun Aug 17 19:50:11 PDT 2014; root:xnu-2422.115.4~1/RELEASE_X86_64

/usr/bin/uname -p = i386
/bin/uname -X     = unknown

/bin/arch              = unknown
/usr/bin/arch -k       = unknown
/usr/convex/getsysinfo = unknown
/usr/bin/hostinfo      = Mach kernel version:
	 Darwin Kernel Version 13.4.0: Sun Aug 17 19:50:11 PDT 2014; root:xnu-2422.115.4~1/RELEASE_X86_64
Kernel configured for up to 4 processors.
2 processors are physically available.
4 processors are logically available.
Processor type: i486 (Intel 80486)
Processors active: 0 1 2 3
Primary memory available: 4.00 gigabytes
Default processor set: 195 tasks, 977 threads, 4 processors
Load average: 1.58, Mach factor: 2.41
/bin/machine           = unknown
/usr/bin/oslevel       = unknown
/bin/universe          = unknown

PATH: /Users/pekotaro/.nvm/v0.10.28/bin
PATH: /usr/bin
PATH: /bin
PATH: /usr/sbin
PATH: /sbin
PATH: /usr/local/bin
PATH: /Library/PostgreSQL/9.3/bin


## ----------- ##
## Core tests. ##
## ----------- ##

configure:2013: checking for gcc
configure:2029: found /usr/bin/gcc
configure:2040: result: gcc
configure:2269: checking for C compiler version
configure:2278: gcc --version >&5
Apple LLVM version 6.0 (clang-600.0.56) (based on LLVM 3.5svn)
Target: x86_64-apple-darwin13.4.0
Thread model: posix
Configured with: --prefix=/Applications/Xcode.app/Contents/Developer/usr --with-gxx-include-dir=/usr/include/c++/4.2.1
configure:2289: $? = 0
configure:2278: gcc -v >&5
Configured with: --prefix=/Applications/Xcode.app/Contents/Developer/usr --with-gxx-include-dir=/usr/include/c++/4.2.1
Apple LLVM version 6.0 (clang-600.0.56) (based on LLVM 3.5svn)
Target: x86_64-apple-darwin13.4.0
Thread model: posix
configure:2289: $? = 0
configure:2278: gcc -V >&5
clang: error: argument to '-V' is missing (expected 1 value)
clang: error: no input files
configure:2289: $? = 1
configure:2278: gcc -qversion >&5
clang: error: unknown argument: '-qversion'
clang: error: no input files
configure:2289: $? = 1
configure:2309: checking whether the C compiler works
configure:2331: gcc    conftest.c  >&5
configure:2335: $? = 0
configure:2384: result: yes
configure:2387: checking for C compiler default output file name
configure:2389: result: a.out
configure:2395: checking for suffix of executables
configure:2402: gcc -o conftest    conftest.c  >&5
configure:2406: $? = 0
configure:2428: result: 
configure:2450: checking whether we are cross compiling
configure:2458: gcc -o conftest    conftest.c  >&5
configure:2462: $? = 0
configure:2469: ./conftest
configure:2473: $? = 0
configure:2488: result: no
configure:2493: checking for suffix of object files
configure:2515: gcc -c   conftest.c >&5
configure:2519: $? = 0
configure:2540: result: o
configure:2544: checking whether we are using the GNU C compiler
configure:2563: gcc -c   conftest.c >&5
configure:2563: $? = 0
configure:2572: result: yes
configure:2581: checking whether gcc accepts -g
configure:2601: gcc -c -g  conftest.c >&5
configure:2601: $? = 0
configure:2642: result: yes
configure:2659: checking for gcc option to accept ISO C89
configure:2723: gcc  -c -g -O2  conftest.c >&5
configure:2723: $? = 0
configure:2736: result: none needed
configure:2779: checking for main in -lc
configure:2798: gcc -o conftest -g -O2   conftest.c -lc   >&5
configure:2798: $? = 0
configure:2807: result: yes
configure:2818: checking for main in -lm
configure:2837: gcc -o conftest -g -O2   conftest.c -lm  -lc  >&5
configure:2837: $? = 0
configure:2846: result: yes
configure:2857: checking for main in -lregex
configure:2876: gcc -o conftest -g -O2   conftest.c -lregex  -lm -lc  >&5
ld: library not found for -lregex
clang: error: linker command failed with exit code 1 (use -v to see invocation)
configure:2876: $? = 1
configure: failed program was:
| /* confdefs.h */
| #define PACKAGE_NAME "hyperestraier"
| #define PACKAGE_TARNAME "hyperestraier"
| #define PACKAGE_VERSION "1.4.13"
| #define PACKAGE_STRING "hyperestraier 1.4.13"
| #define PACKAGE_BUGREPORT ""
| #define PACKAGE_URL ""
| #define HAVE_LIBC 1
| #define HAVE_LIBM 1
| /* end confdefs.h.  */
| 
| 
| int
| main ()
| {
| return main ();
|   ;
|   return 0;
| }
configure:2885: result: no
configure:2896: checking for main in -liconv
configure:2915: gcc -o conftest -g -O2   conftest.c -liconv  -lm -lc  >&5
configure:2915: $? = 0
configure:2924: result: yes
configure:2937: checking for main in -lz
configure:2956: gcc -o conftest -g -O2   conftest.c -lz  -liconv -lm -lc  >&5
configure:2956: $? = 0
configure:2965: result: yes
configure:3061: checking for main in -lqdbm
configure:3080: gcc -o conftest -g -O2   conftest.c -lqdbm  -lz -liconv -lm -lc  >&5
configure:3080: $? = 0
configure:3089: result: yes
configure:3102: checking for main in -lpthread
configure:3121: gcc -o conftest -g -O2   conftest.c -lpthread  -lqdbm -lz -liconv -lm -lc  >&5
configure:3121: $? = 0
configure:3130: result: yes
configure:3138: checking for main in -lnsl
configure:3157: gcc -o conftest -g -O2   conftest.c -lnsl  -lqdbm -lz -liconv -lm -lc  >&5
ld: library not found for -lnsl
clang: error: linker command failed with exit code 1 (use -v to see invocation)
configure:3157: $? = 1
configure: failed program was:
| /* confdefs.h */
| #define PACKAGE_NAME "hyperestraier"
| #define PACKAGE_TARNAME "hyperestraier"
| #define PACKAGE_VERSION "1.4.13"
| #define PACKAGE_STRING "hyperestraier 1.4.13"
| #define PACKAGE_BUGREPORT ""
| #define PACKAGE_URL ""
| #define HAVE_LIBC 1
| #define HAVE_LIBM 1
| #define HAVE_LIBICONV 1
| #define HAVE_LIBZ 1
| #define HAVE_LIBQDBM 1
| /* end confdefs.h.  */
| 
| 
| int
| main ()
| {
| return main ();
|   ;
|   return 0;
| }
configure:3166: result: no
configure:3172: checking for main in -lsocket
configure:3191: gcc -o conftest -g -O2   conftest.c -lsocket  -lqdbm -lz -liconv -lm -lc  >&5
ld: library not found for -lsocket
clang: error: linker command failed with exit code 1 (use -v to see invocation)
configure:3191: $? = 1
configure: failed program was:
| /* confdefs.h */
| #define PACKAGE_NAME "hyperestraier"
| #define PACKAGE_TARNAME "hyperestraier"
| #define PACKAGE_VERSION "1.4.13"
| #define PACKAGE_STRING "hyperestraier 1.4.13"
| #define PACKAGE_BUGREPORT ""
| #define PACKAGE_URL ""
| #define HAVE_LIBC 1
| #define HAVE_LIBM 1
| #define HAVE_LIBICONV 1
| #define HAVE_LIBZ 1
| #define HAVE_LIBQDBM 1
| /* end confdefs.h.  */
| 
| 
| int
| main ()
| {
| return main ();
|   ;
|   return 0;
| }
configure:3200: result: no
configure:3206: checking for main in -lresolv
configure:3225: gcc -o conftest -g -O2   conftest.c -lresolv  -lqdbm -lz -liconv -lm -lc  >&5
configure:3225: $? = 0
configure:3234: result: yes
configure:3433: creating ./config.status

## ---------------------- ##
## Running config.status. ##
## ---------------------- ##

This file was extended by hyperestraier config.status 1.4.13, which was
generated by GNU Autoconf 2.65.  Invocation command line was

  CONFIG_FILES    = 
  CONFIG_HEADERS  = 
  CONFIG_LINKS    = 
  CONFIG_COMMANDS = 
  $ ./config.status 

on takuro-no-air

config.status:736: creating Makefile
config.status:835: WARNING:  'Makefile.in' seems to ignore the --datarootdir setting
config.status:736: creating estconfig
config.status:835: WARNING:  'estconfig.in' seems to ignore the --datarootdir setting
config.status:736: creating hyperestraier.pc
config.status:835: WARNING:  'hyperestraier.pc.in' seems to ignore the --datarootdir setting

## ---------------- ##
## Cache variables. ##
## ---------------- ##

ac_cv_c_compiler_gnu=yes
ac_cv_env_CC_set=
ac_cv_env_CC_value=
ac_cv_env_CFLAGS_set=
ac_cv_env_CFLAGS_value=
ac_cv_env_CPPFLAGS_set=
ac_cv_env_CPPFLAGS_value=
ac_cv_env_LDFLAGS_set=
ac_cv_env_LDFLAGS_value=
ac_cv_env_LIBS_set=
ac_cv_env_LIBS_value=
ac_cv_env_build_alias_set=
ac_cv_env_build_alias_value=
ac_cv_env_host_alias_set=
ac_cv_env_host_alias_value=
ac_cv_env_target_alias_set=
ac_cv_env_target_alias_value=
ac_cv_lib_c_main=yes
ac_cv_lib_iconv_main=yes
ac_cv_lib_m_main=yes
ac_cv_lib_nsl_main=no
ac_cv_lib_pthread_main=yes
ac_cv_lib_qdbm_main=yes
ac_cv_lib_regex_main=no
ac_cv_lib_resolv_main=yes
ac_cv_lib_socket_main=no
ac_cv_lib_z_main=yes
ac_cv_objext=o
ac_cv_prog_ac_ct_CC=gcc
ac_cv_prog_cc_c89=
ac_cv_prog_cc_g=yes

## ----------------- ##
## Output variables. ##
## ----------------- ##

CC='gcc'
CFLAGS='-g -O2'
CPPFLAGS=''
DEFS='-DPACKAGE_NAME=\"hyperestraier\" -DPACKAGE_TARNAME=\"hyperestraier\" -DPACKAGE_VERSION=\"1.4.13\" -DPACKAGE_STRING=\"hyperestraier\ 1.4.13\" -DPACKAGE_BUGREPORT=\"\" -DPACKAGE_URL=\"\" -DHAVE_LIBC=1 -DHAVE_LIBM=1 -DHAVE_LIBICONV=1 -DHAVE_LIBZ=1 -DHAVE_LIBQDBM=1'
ECHO_C='\c'
ECHO_N=''
ECHO_T=''
EXEEXT=''
LDFLAGS=''
LIBOBJS=''
LIBREV='38'
LIBS='-lqdbm -lz -liconv -lm -lc '
LIBVER='8'
LTLIBOBJS=''
MYAPPLIBS=''
MYCFLAGS='-Wall -fPIC -fsigned-char -O3 -fomit-frame-pointer -fforce-addr'
MYCPPOPTS=''
MYDEFS='-DNDEBUG'
MYLDOPTS=''
MYMTLIBS='-lpthread '
MYPOSTCMD='true'
MYRUNPATH=''
MYSKLIBS='-lresolv '
OBJEXT='o'
PACKAGE_BUGREPORT=''
PACKAGE_NAME='hyperestraier'
PACKAGE_STRING='hyperestraier 1.4.13'
PACKAGE_TARNAME='hyperestraier'
PACKAGE_URL=''
PACKAGE_VERSION='1.4.13'
PATH_SEPARATOR=':'
PROTVER='1.0'
SHELL='/bin/sh'
ac_ct_CC='gcc'
bindir='${exec_prefix}/bin'
build_alias=''
datadir='${datarootdir}'
datarootdir='${prefix}/share'
docdir='${datarootdir}/doc/${PACKAGE_TARNAME}'
dvidir='${docdir}'
exec_prefix='${prefix}'
host_alias=''
htmldir='${docdir}'
includedir='${prefix}/include'
infodir='${datarootdir}/info'
libdir='${exec_prefix}/lib'
libexecdir='${exec_prefix}/libexec'
localedir='${datarootdir}/locale'
localstatedir='${prefix}/var'
mandir='${datarootdir}/man'
oldincludedir='/usr/include'
pdfdir='${docdir}'
prefix='/usr/local'
program_transform_name='s,x,x,'
psdir='${docdir}'
sbindir='${exec_prefix}/sbin'
sharedstatedir='${prefix}/com'
sysconfdir='${prefix}/etc'
target_alias=''

## ----------- ##
## confdefs.h. ##
## ----------- ##

/* confdefs.h */
#define PACKAGE_NAME "hyperestraier"
#define PACKAGE_TARNAME "hyperestraier"
#define PACKAGE_VERSION "1.4.13"
#define PACKAGE_STRING "hyperestraier 1.4.13"
#define PACKAGE_BUGREPORT ""
#define PACKAGE_URL ""
#define HAVE_LIBC 1
#define HAVE_LIBM 1
#define HAVE_LIBICONV 1
#define HAVE_LIBZ 1
#define HAVE_LIBQDBM 1

configure: exit 0
